
[INFO] [2025-08-29 20:57:06] Logger closing...
[INFO] [2025-08-29 21:02:54] Logger closing...
[INFO] [2025-08-29 21:06:52] Logger closing...
[INFO] [2025-08-29 21:08:27] Logger closing...
[ERROR] [2025-08-29 21:27:18] Semantic Error: Duplicate variable declaration in the same scope: templateWithSemanticError
[ERROR] [2025-08-29 21:27:18] Semantic Error: Element cannot have both *ngIf and *ngFor at the same time. Consider wrapping with <ng-container>.
[ERROR] [2025-08-29 21:27:18] Semantic Error: Duplicate variable declaration in the same scope: correctTemplate
[ERROR] [2025-08-29 21:27:18] 
=== Semantic Errors ===
[ERROR] [2025-08-29 21:27:18] Semantic Error: Duplicate variable declaration in the same scope: templateWithSemanticError
[ERROR] [2025-08-29 21:27:18] Semantic Error: Element cannot have both *ngIf and *ngFor at the same time. Consider wrapping with <ng-container>.
[ERROR] [2025-08-29 21:27:18] Semantic Error: Duplicate variable declaration in the same scope: correctTemplate
[INFO] [2025-08-29 21:27:29] Logger closing...
[INFO] [2025-08-29 21:32:59] Logger closing...
[INFO] [2025-08-29 21:36:12] Logger closing...
[INFO] [2025-08-29 21:36:41] Logger closing...
[INFO] [2025-08-29 21:36:55] Logger closing...
[INFO] [2025-08-29 21:40:44] Logger closing...
[INFO] [2025-08-29 21:43:45] Logger closing...
[ERROR] [2025-08-30 15:11:48] Generated app not found at: C:\Users\KEMO\OneDrive\Desktop\compiler 2\Angular-Compiler-Using-Antlr\generated_app\index.html
[INFO] [2025-08-30 15:13:46] Logger closing...
[INFO] [2025-08-30 15:18:49] Logger closing...
